-------------------------------------------------------------------------------
Test set: edu.coursera.concurrent.ListSetTest
-------------------------------------------------------------------------------
Tests run: 6, Failures: 4, Errors: 0, Skipped: 0, Time elapsed: 415.77 sec <<< FAILURE! - in edu.coursera.concurrent.ListSetTest
testReadWriteLocksRandomLarge(edu.coursera.concurrent.ListSetTest)  Time elapsed: 98.981 sec  <<< FAILURE!
junit.framework.AssertionFailedError: expected:<15895> but was:<0>
	at junit.framework.Assert.fail(Assert.java:47)
	at junit.framework.Assert.failNotEquals(Assert.java:280)
	at junit.framework.Assert.assertEquals(Assert.java:64)
	at junit.framework.Assert.assertEquals(Assert.java:198)
	at junit.framework.Assert.assertEquals(Assert.java:204)
	at edu.coursera.concurrent.ListSetTest.testReadWriteLocksHelper(ListSetTest.java:199)
	at edu.coursera.concurrent.ListSetTest.testReadWriteLocksRandomLarge(ListSetTest.java:85)

testReadWriteLocksRandomSmall(edu.coursera.concurrent.ListSetTest)  Time elapsed: 20.463 sec  <<< FAILURE!
junit.framework.AssertionFailedError: expected:<4475> but was:<0>
	at junit.framework.Assert.fail(Assert.java:47)
	at junit.framework.Assert.failNotEquals(Assert.java:280)
	at junit.framework.Assert.assertEquals(Assert.java:64)
	at junit.framework.Assert.assertEquals(Assert.java:198)
	at junit.framework.Assert.assertEquals(Assert.java:204)
	at edu.coursera.concurrent.ListSetTest.testReadWriteLocksHelper(ListSetTest.java:199)
	at edu.coursera.concurrent.ListSetTest.testReadWriteLocksRandomSmall(ListSetTest.java:101)

testReadWriteLocksRepeatingLarge(edu.coursera.concurrent.ListSetTest)  Time elapsed: 52.388 sec  <<< FAILURE!
junit.framework.AssertionFailedError: expected:<240000> but was:<0>
	at junit.framework.Assert.fail(Assert.java:47)
	at junit.framework.Assert.failNotEquals(Assert.java:280)
	at junit.framework.Assert.assertEquals(Assert.java:64)
	at junit.framework.Assert.assertEquals(Assert.java:198)
	at junit.framework.Assert.assertEquals(Assert.java:204)
	at edu.coursera.concurrent.ListSetTest.testReadWriteLocksHelper(ListSetTest.java:199)
	at edu.coursera.concurrent.ListSetTest.testReadWriteLocksRepeatingLarge(ListSetTest.java:117)

testReadWriteLocksRepeatingSmall(edu.coursera.concurrent.ListSetTest)  Time elapsed: 28.618 sec  <<< FAILURE!
junit.framework.AssertionFailedError: expected:<120000> but was:<0>
	at junit.framework.Assert.fail(Assert.java:47)
	at junit.framework.Assert.failNotEquals(Assert.java:280)
	at junit.framework.Assert.assertEquals(Assert.java:64)
	at junit.framework.Assert.assertEquals(Assert.java:198)
	at junit.framework.Assert.assertEquals(Assert.java:204)
	at edu.coursera.concurrent.ListSetTest.testReadWriteLocksHelper(ListSetTest.java:199)
	at edu.coursera.concurrent.ListSetTest.testReadWriteLocksRepeatingSmall(ListSetTest.java:133)

