<?xml version="1.0" encoding="UTF-8"?>
<testsuite name="edu.coursera.concurrent.ListSetTest" time="415.756" tests="6" errors="0" skipped="0" failures="4">
  <properties>
[...]
</properties>
  <testcase name="testCoarseGrainedLockingRepeatingLarge" classname="edu.coursera.concurrent.ListSetTest" time="102.399"/>
  <testcase name="testReadWriteLocksRandomLarge" classname="edu.coursera.concurrent.ListSetTest" time="98.981">
    <failure message="expected:&lt;15895&gt; but was:&lt;0&gt;" type="junit.framework.AssertionFailedError"><![CDATA[junit.framework.AssertionFailedError: expected:<15895> but was:<0>
	at junit.framework.Assert.fail(Assert.java:47)
	at junit.framework.Assert.failNotEquals(Assert.java:280)
	at junit.framework.Assert.assertEquals(Assert.java:64)
	at junit.framework.Assert.assertEquals(Assert.java:198)
	at junit.framework.Assert.assertEquals(Assert.java:204)
	at edu.coursera.concurrent.ListSetTest.testReadWriteLocksHelper(ListSetTest.java:199)
	at edu.coursera.concurrent.ListSetTest.testReadWriteLocksRandomLarge(ListSetTest.java:85)
]]></failure>
    <system-out><![CDATA[=========================================================
RWCoarseList vs. SyncList (Large Random)
=========================================================
# threads = 4
0.8974843681838012x improvement in add throughput (8.641175199827176 -> 7.755319664582425)
Infinityx improvement in contains throughput (21.996150673632116 -> Infinity)
0.6866083009079118x improvement in remove throughput (18.890200708382526 -> 12.970168612191959)
=========================================================
]]></system-out>
    <system-err><![CDATA[Exception in thread "Thread-124" java.lang.IllegalMonitorStateException: attempt to unlock read lock, not locked by current thread
	at java.util.concurrent.locks.ReentrantReadWriteLock$Sync.unmatchedUnlockException(ReentrantReadWriteLock.java:444)
	at java.util.concurrent.locks.ReentrantReadWriteLock$Sync.tryReleaseShared(ReentrantReadWriteLock.java:428)
	at java.util.concurrent.locks.AbstractQueuedSynchronizer.releaseShared(AbstractQueuedSynchronizer.java:1341)
	at java.util.concurrent.locks.ReentrantReadWriteLock$ReadLock.unlock(ReentrantReadWriteLock.java:881)
	at edu.coursera.concurrent.CoarseLists$RWCoarseList.contains(CoarseLists.java:223)
	at edu.coursera.concurrent.ContainsTestThread.run(ContainsTestThread.java:21)
	at edu.coursera.concurrent.ListSetTest.lambda$launchAndJoinAll$4(ListSetTest.java:290)
	at java.lang.Thread.run(Thread.java:748)
Exception in thread "Thread-125" java.lang.IllegalMonitorStateException: attempt to unlock read lock, not locked by current thread
	at java.util.concurrent.locks.ReentrantReadWriteLock$Sync.unmatchedUnlockException(ReentrantReadWriteLock.java:444)
	at java.util.concurrent.locks.ReentrantReadWriteLock$Sync.tryReleaseShared(ReentrantReadWriteLock.java:428)
	at java.util.concurrent.locks.AbstractQueuedSynchronizer.releaseShared(AbstractQueuedSynchronizer.java:1341)
	at java.util.concurrent.locks.ReentrantReadWriteLock$ReadLock.unlock(ReentrantReadWriteLock.java:881)
	at edu.coursera.concurrent.CoarseLists$RWCoarseList.contains(CoarseLists.java:223)
	at edu.coursera.concurrent.ContainsTestThread.run(ContainsTestThread.java:21)
	at edu.coursera.concurrent.ListSetTest.lambda$launchAndJoinAll$4(ListSetTest.java:290)
	at java.lang.Thread.run(Thread.java:748)
Exception in thread "Thread-126" java.lang.IllegalMonitorStateException: attempt to unlock read lock, not locked by current thread
	at java.util.concurrent.locks.ReentrantReadWriteLock$Sync.unmatchedUnlockException(ReentrantReadWriteLock.java:444)
	at java.util.concurrent.locks.ReentrantReadWriteLock$Sync.tryReleaseShared(ReentrantReadWriteLock.java:428)
	at java.util.concurrent.locks.AbstractQueuedSynchronizer.releaseShared(AbstractQueuedSynchronizer.java:1341)
	at java.util.concurrent.locks.ReentrantReadWriteLock$ReadLock.unlock(ReentrantReadWriteLock.java:881)
	at edu.coursera.concurrent.CoarseLists$RWCoarseList.contains(CoarseLists.java:223)
	at edu.coursera.concurrent.ContainsTestThread.run(ContainsTestThread.java:21)
	at edu.coursera.concurrent.ListSetTest.lambda$launchAndJoinAll$4(ListSetTest.java:290)
	at java.lang.Thread.run(Thread.java:748)
Exception in thread "Thread-127" java.lang.IllegalMonitorStateException: attempt to unlock read lock, not locked by current thread
	at java.util.concurrent.locks.ReentrantReadWriteLock$Sync.unmatchedUnlockException(ReentrantReadWriteLock.java:444)
	at java.util.concurrent.locks.ReentrantReadWriteLock$Sync.tryReleaseShared(ReentrantReadWriteLock.java:428)
	at java.util.concurrent.locks.AbstractQueuedSynchronizer.releaseShared(AbstractQueuedSynchronizer.java:1341)
	at java.util.concurrent.locks.ReentrantReadWriteLock$ReadLock.unlock(ReentrantReadWriteLock.java:881)
	at edu.coursera.concurrent.CoarseLists$RWCoarseList.contains(CoarseLists.java:223)
	at edu.coursera.concurrent.ContainsTestThread.run(ContainsTestThread.java:21)
	at edu.coursera.concurrent.ListSetTest.lambda$launchAndJoinAll$4(ListSetTest.java:290)
	at java.lang.Thread.run(Thread.java:748)
Exception in thread "Thread-151" Exception in thread "Thread-148" Exception in thread "Thread-150" java.lang.IllegalMonitorStateException: attempt to unlock read lock, not locked by current thread
	at java.util.concurrent.locks.ReentrantReadWriteLock$Sync.unmatchedUnlockException(ReentrantReadWriteLock.java:444)
	at java.util.concurrent.locks.ReentrantReadWriteLock$Sync.tryReleaseShared(ReentrantReadWriteLock.java:428)
	at java.util.concurrent.locks.AbstractQueuedSynchronizer.releaseShared(AbstractQueuedSynchronizer.java:1341)
	at java.util.concurrent.locks.ReentrantReadWriteLock$ReadLock.unlock(ReentrantReadWriteLock.java:881)
	at edu.coursera.concurrent.CoarseLists$RWCoarseList.contains(CoarseLists.java:223)
	at edu.coursera.concurrent.ContainsTestThread.run(ContainsTestThread.java:21)
	at edu.coursera.concurrent.ListSetTest.lambda$launchAndJoinAll$4(ListSetTest.java:290)
	at java.lang.Thread.run(Thread.java:748)
java.lang.IllegalMonitorStateException: attempt to unlock read lock, not locked by current thread
	at java.util.concurrent.locks.ReentrantReadWriteLock$Sync.unmatchedUnlockException(ReentrantReadWriteLock.java:444)
	at java.util.concurrent.locks.ReentrantReadWriteLock$Sync.tryReleaseShared(ReentrantReadWriteLock.java:428)
	at java.util.concurrent.locks.AbstractQueuedSynchronizer.releaseShared(AbstractQueuedSynchronizer.java:1341)
	at java.util.concurrent.locks.ReentrantReadWriteLock$ReadLock.unlock(ReentrantReadWriteLock.java:881)
	at edu.coursera.concurrent.CoarseLists$RWCoarseList.contains(CoarseLists.java:223)
	at edu.coursera.concurrent.ContainsTestThread.run(ContainsTestThread.java:21)
	at edu.coursera.concurrent.ListSetTest.lambda$launchAndJoinAll$4(ListSetTest.java:290)
	at java.lang.Thread.run(Thread.java:748)
Exception in thread "Thread-149" java.lang.IllegalMonitorStateException: attempt to unlock read lock, not locked by current thread
	at java.util.concurrent.locks.ReentrantReadWriteLock$Sync.unmatchedUnlockException(ReentrantReadWriteLock.java:444)
	at java.util.concurrent.locks.ReentrantReadWriteLock$Sync.tryReleaseShared(ReentrantReadWriteLock.java:428)
	at java.util.concurrent.locks.AbstractQueuedSynchronizer.releaseShared(AbstractQueuedSynchronizer.java:1341)
	at java.util.concurrent.locks.ReentrantReadWriteLock$ReadLock.unlock(ReentrantReadWriteLock.java:881)
	at edu.coursera.concurrent.CoarseLists$RWCoarseList.contains(CoarseLists.java:223)
	at edu.coursera.concurrent.ContainsTestThread.run(ContainsTestThread.java:21)
	at edu.coursera.concurrent.ListSetTest.lambda$launchAndJoinAll$4(ListSetTest.java:290)
	at java.lang.Thread.run(Thread.java:748)
java.lang.IllegalMonitorStateException: attempt to unlock read lock, not locked by current thread
	at java.util.concurrent.locks.ReentrantReadWriteLock$Sync.unmatchedUnlockException(ReentrantReadWriteLock.java:444)
	at java.util.concurrent.locks.ReentrantReadWriteLock$Sync.tryReleaseShared(ReentrantReadWriteLock.java:428)
	at java.util.concurrent.locks.AbstractQueuedSynchronizer.releaseShared(AbstractQueuedSynchronizer.java:1341)
	at java.util.concurrent.locks.ReentrantReadWriteLock$ReadLock.unlock(ReentrantReadWriteLock.java:881)
	at edu.coursera.concurrent.CoarseLists$RWCoarseList.contains(CoarseLists.java:223)
	at edu.coursera.concurrent.ContainsTestThread.run(ContainsTestThread.java:21)
	at edu.coursera.concurrent.ListSetTest.lambda$launchAndJoinAll$4(ListSetTest.java:290)
	at java.lang.Thread.run(Thread.java:748)
Exception in thread "Thread-172" Exception in thread "Thread-173" java.lang.IllegalMonitorStateException: attempt to unlock read lock, not locked by current thread
	at java.util.concurrent.locks.ReentrantReadWriteLock$Sync.unmatchedUnlockException(ReentrantReadWriteLock.java:444)
	at java.util.concurrent.locks.ReentrantReadWriteLock$Sync.tryReleaseShared(ReentrantReadWriteLock.java:428)
	at java.util.concurrent.locks.AbstractQueuedSynchronizer.releaseShared(AbstractQueuedSynchronizer.java:1341)
	at java.util.concurrent.locks.ReentrantReadWriteLock$ReadLock.unlock(ReentrantReadWriteLock.java:881)
	at edu.coursera.concurrent.CoarseLists$RWCoarseList.contains(CoarseLists.java:223)
	at edu.coursera.concurrent.ContainsTestThread.run(ContainsTestThread.java:21)
	at edu.coursera.concurrent.ListSetTest.lambda$launchAndJoinAll$4(ListSetTest.java:290)
	at java.lang.Thread.run(Thread.java:748)
java.lang.IllegalMonitorStateException: attempt to unlock read lock, not locked by current thread
	at java.util.concurrent.locks.ReentrantReadWriteLock$Sync.unmatchedUnlockException(ReentrantReadWriteLock.java:444)
	at java.util.concurrent.locks.ReentrantReadWriteLock$Sync.tryReleaseShared(ReentrantReadWriteLock.java:428)
	at java.util.concurrent.locks.AbstractQueuedSynchronizer.releaseShared(AbstractQueuedSynchronizer.java:1341)
	at java.util.concurrent.locks.ReentrantReadWriteLock$ReadLock.unlock(ReentrantReadWriteLock.java:881)
	at edu.coursera.concurrent.CoarseLists$RWCoarseList.contains(CoarseLists.java:223)
	at edu.coursera.concurrent.ContainsTestThread.run(ContainsTestThread.java:21)
	at edu.coursera.concurrent.ListSetTest.lambda$launchAndJoinAll$4(ListSetTest.java:290)
	at java.lang.Thread.run(Thread.java:748)
Exception in thread "Thread-175" java.lang.IllegalMonitorStateException: attempt to unlock read lock, not locked by current thread
	at java.util.concurrent.locks.ReentrantReadWriteLock$Sync.unmatchedUnlockException(ReentrantReadWriteLock.java:444)
	at java.util.concurrent.locks.ReentrantReadWriteLock$Sync.tryReleaseShared(ReentrantReadWriteLock.java:428)
	at java.util.concurrent.locks.AbstractQueuedSynchronizer.releaseShared(AbstractQueuedSynchronizer.java:1341)
	at java.util.concurrent.locks.ReentrantReadWriteLock$ReadLock.unlock(ReentrantReadWriteLock.java:881)
	at edu.coursera.concurrent.CoarseLists$RWCoarseList.contains(CoarseLists.java:223)
	at edu.coursera.concurrent.ContainsTestThread.run(ContainsTestThread.java:21)
	at edu.coursera.concurrent.ListSetTest.lambda$launchAndJoinAll$4(ListSetTest.java:290)
	at java.lang.Thread.run(Thread.java:748)
Exception in thread "Thread-174" java.lang.IllegalMonitorStateException: attempt to unlock read lock, not locked by current thread
	at java.util.concurrent.locks.ReentrantReadWriteLock$Sync.unmatchedUnlockException(ReentrantReadWriteLock.java:444)
	at java.util.concurrent.locks.ReentrantReadWriteLock$Sync.tryReleaseShared(ReentrantReadWriteLock.java:428)
	at java.util.concurrent.locks.AbstractQueuedSynchronizer.releaseShared(AbstractQueuedSynchronizer.java:1341)
	at java.util.concurrent.locks.ReentrantReadWriteLock$ReadLock.unlock(ReentrantReadWriteLock.java:881)
	at edu.coursera.concurrent.CoarseLists$RWCoarseList.contains(CoarseLists.java:223)
	at edu.coursera.concurrent.ContainsTestThread.run(ContainsTestThread.java:21)
	at edu.coursera.concurrent.ListSetTest.lambda$launchAndJoinAll$4(ListSetTest.java:290)
	at java.lang.Thread.run(Thread.java:748)
Exception in thread "Thread-199" Exception in thread "Thread-196" Exception in thread "Thread-198" java.lang.IllegalMonitorStateException: attempt to unlock read lock, not locked by current thread
	at java.util.concurrent.locks.ReentrantReadWriteLock$Sync.unmatchedUnlockException(ReentrantReadWriteLock.java:444)
	at java.util.concurrent.locks.ReentrantReadWriteLock$Sync.tryReleaseShared(ReentrantReadWriteLock.java:428)
	at java.util.concurrent.locks.AbstractQueuedSynchronizer.releaseShared(AbstractQueuedSynchronizer.java:1341)
	at java.util.concurrent.locks.ReentrantReadWriteLock$ReadLock.unlock(ReentrantReadWriteLock.java:881)
	at edu.coursera.concurrent.CoarseLists$RWCoarseList.contains(CoarseLists.java:223)
	at edu.coursera.concurrent.ContainsTestThread.run(ContainsTestThread.java:21)
	at edu.coursera.concurrent.ListSetTest.lambda$launchAndJoinAll$4(ListSetTest.java:290)
	at java.lang.Thread.run(Thread.java:748)
Exception in thread "Thread-197" java.lang.IllegalMonitorStateException: attempt to unlock read lock, not locked by current thread
	at java.util.concurrent.locks.ReentrantReadWriteLock$Sync.unmatchedUnlockException(ReentrantReadWriteLock.java:444)
	at java.util.concurrent.locks.ReentrantReadWriteLock$Sync.tryReleaseShared(ReentrantReadWriteLock.java:428)
	at java.util.concurrent.locks.AbstractQueuedSynchronizer.releaseShared(AbstractQueuedSynchronizer.java:1341)
	at java.util.concurrent.locks.ReentrantReadWriteLock$ReadLock.unlock(ReentrantReadWriteLock.java:881)
	at edu.coursera.concurrent.CoarseLists$RWCoarseList.contains(CoarseLists.java:223)
	at edu.coursera.concurrent.ContainsTestThread.run(ContainsTestThread.java:21)
	at edu.coursera.concurrent.ListSetTest.lambda$launchAndJoinAll$4(ListSetTest.java:290)
	at java.lang.Thread.run(Thread.java:748)
java.lang.IllegalMonitorStateException: attempt to unlock read lock, not locked by current thread
	at java.util.concurrent.locks.ReentrantReadWriteLock$Sync.unmatchedUnlockException(ReentrantReadWriteLock.java:444)
	at java.util.concurrent.locks.ReentrantReadWriteLock$Sync.tryReleaseShared(ReentrantReadWriteLock.java:428)
	at java.util.concurrent.locks.AbstractQueuedSynchronizer.releaseShared(AbstractQueuedSynchronizer.java:1341)
	at java.util.concurrent.locks.ReentrantReadWriteLock$ReadLock.unlock(ReentrantReadWriteLock.java:881)
	at edu.coursera.concurrent.CoarseLists$RWCoarseList.contains(CoarseLists.java:223)
	at edu.coursera.concurrent.ContainsTestThread.run(ContainsTestThread.java:21)
	at edu.coursera.concurrent.ListSetTest.lambda$launchAndJoinAll$4(ListSetTest.java:290)
	at java.lang.Thread.run(Thread.java:748)
java.lang.IllegalMonitorStateException: attempt to unlock read lock, not locked by current thread
	at java.util.concurrent.locks.ReentrantReadWriteLock$Sync.unmatchedUnlockException(ReentrantReadWriteLock.java:444)
	at java.util.concurrent.locks.ReentrantReadWriteLock$Sync.tryReleaseShared(ReentrantReadWriteLock.java:428)
	at java.util.concurrent.locks.AbstractQueuedSynchronizer.releaseShared(AbstractQueuedSynchronizer.java:1341)
	at java.util.concurrent.locks.ReentrantReadWriteLock$ReadLock.unlock(ReentrantReadWriteLock.java:881)
	at edu.coursera.concurrent.CoarseLists$RWCoarseList.contains(CoarseLists.java:223)
	at edu.coursera.concurrent.ContainsTestThread.run(ContainsTestThread.java:21)
	at edu.coursera.concurrent.ListSetTest.lambda$launchAndJoinAll$4(ListSetTest.java:290)
	at java.lang.Thread.run(Thread.java:748)
Exception in thread "Thread-221" Exception in thread "Thread-220" java.lang.IllegalMonitorStateException: attempt to unlock read lock, not locked by current thread
	at java.util.concurrent.locks.ReentrantReadWriteLock$Sync.unmatchedUnlockException(ReentrantReadWriteLock.java:444)
	at java.util.concurrent.locks.ReentrantReadWriteLock$Sync.tryReleaseShared(ReentrantReadWriteLock.java:428)
	at java.util.concurrent.locks.AbstractQueuedSynchronizer.releaseShared(AbstractQueuedSynchronizer.java:1341)
	at java.util.concurrent.locks.ReentrantReadWriteLock$ReadLock.unlock(ReentrantReadWriteLock.java:881)
	at edu.coursera.concurrent.CoarseLists$RWCoarseList.contains(CoarseLists.java:223)
	at edu.coursera.concurrent.ContainsTestThread.run(ContainsTestThread.java:21)
	at edu.coursera.concurrent.ListSetTest.lambda$launchAndJoinAll$4(ListSetTest.java:290)
	at java.lang.Thread.run(Thread.java:748)
Exception in thread "Thread-222" java.lang.IllegalMonitorStateException: attempt to unlock read lock, not locked by current thread
	at java.util.concurrent.locks.ReentrantReadWriteLock$Sync.unmatchedUnlockException(ReentrantReadWriteLock.java:444)
	at java.util.concurrent.locks.ReentrantReadWriteLock$Sync.tryReleaseShared(ReentrantReadWriteLock.java:428)
	at java.util.concurrent.locks.AbstractQueuedSynchronizer.releaseShared(AbstractQueuedSynchronizer.java:1341)
	at java.util.concurrent.locks.ReentrantReadWriteLock$ReadLock.unlock(ReentrantReadWriteLock.java:881)
	at edu.coursera.concurrent.CoarseLists$RWCoarseList.contains(CoarseLists.java:223)
	at edu.coursera.concurrent.ContainsTestThread.run(ContainsTestThread.java:21)
	at edu.coursera.concurrent.ListSetTest.lambda$launchAndJoinAll$4(ListSetTest.java:290)
	at java.lang.Thread.run(Thread.java:748)
java.lang.IllegalMonitorStateException: attempt to unlock read lock, not locked by current thread
	at java.util.concurrent.locks.ReentrantReadWriteLock$Sync.unmatchedUnlockException(ReentrantReadWriteLock.java:444)
	at java.util.concurrent.locks.ReentrantReadWriteLock$Sync.tryReleaseShared(ReentrantReadWriteLock.java:428)
	at java.util.concurrent.locks.AbstractQueuedSynchronizer.releaseShared(AbstractQueuedSynchronizer.java:1341)
	at java.util.concurrent.locks.ReentrantReadWriteLock$ReadLock.unlock(ReentrantReadWriteLock.java:881)
	at edu.coursera.concurrent.CoarseLists$RWCoarseList.contains(CoarseLists.java:223)
	at edu.coursera.concurrent.ContainsTestThread.run(ContainsTestThread.java:21)
	at edu.coursera.concurrent.ListSetTest.lambda$launchAndJoinAll$4(ListSetTest.java:290)
	at java.lang.Thread.run(Thread.java:748)
Exception in thread "Thread-223" java.lang.IllegalMonitorStateException: attempt to unlock read lock, not locked by current thread
	at java.util.concurrent.locks.ReentrantReadWriteLock$Sync.unmatchedUnlockException(ReentrantReadWriteLock.java:444)
	at java.util.concurrent.locks.ReentrantReadWriteLock$Sync.tryReleaseShared(ReentrantReadWriteLock.java:428)
	at java.util.concurrent.locks.AbstractQueuedSynchronizer.releaseShared(AbstractQueuedSynchronizer.java:1341)
	at java.util.concurrent.locks.ReentrantReadWriteLock$ReadLock.unlock(ReentrantReadWriteLock.java:881)
	at edu.coursera.concurrent.CoarseLists$RWCoarseList.contains(CoarseLists.java:223)
	at edu.coursera.concurrent.ContainsTestThread.run(ContainsTestThread.java:21)
	at edu.coursera.concurrent.ListSetTest.lambda$launchAndJoinAll$4(ListSetTest.java:290)
	at java.lang.Thread.run(Thread.java:748)
]]></system-err>
  </testcase>
  <testcase name="testReadWriteLocksRandomSmall" classname="edu.coursera.concurrent.ListSetTest" time="20.463">
    <failure message="expected:&lt;4475&gt; but was:&lt;0&gt;" type="junit.framework.AssertionFailedError"><![CDATA[junit.framework.AssertionFailedError: expected:<4475> but was:<0>
	at junit.framework.Assert.fail(Assert.java:47)
	at junit.framework.Assert.failNotEquals(Assert.java:280)
	at junit.framework.Assert.assertEquals(Assert.java:64)
	at junit.framework.Assert.assertEquals(Assert.java:198)
	at junit.framework.Assert.assertEquals(Assert.java:204)
	at edu.coursera.concurrent.ListSetTest.testReadWriteLocksHelper(ListSetTest.java:199)
	at edu.coursera.concurrent.ListSetTest.testReadWriteLocksRandomSmall(ListSetTest.java:101)
]]></failure>
    <system-out><![CDATA[=========================================================
RWCoarseList vs. SyncList (Small Random)
=========================================================
# threads = 4
0.9238062986793093x improvement in add throughput (29.325513196480937 -> 27.091093802912294)
Infinityx improvement in contains throughput (45.87155963302752 -> Infinity)
0.9147540983606557x improvement in remove throughput (40.9626216077829 -> 37.47072599531616)
=========================================================
]]></system-out>
    <system-err><![CDATA[Exception in thread "Thread-244" java.lang.IllegalMonitorStateException: attempt to unlock read lock, not locked by current thread
	at java.util.concurrent.locks.ReentrantReadWriteLock$Sync.unmatchedUnlockException(ReentrantReadWriteLock.java:444)
	at java.util.concurrent.locks.ReentrantReadWriteLock$Sync.tryReleaseShared(ReentrantReadWriteLock.java:428)
	at java.util.concurrent.locks.AbstractQueuedSynchronizer.releaseShared(AbstractQueuedSynchronizer.java:1341)
	at java.util.concurrent.locks.ReentrantReadWriteLock$ReadLock.unlock(ReentrantReadWriteLock.java:881)
	at edu.coursera.concurrent.CoarseLists$RWCoarseList.contains(CoarseLists.java:223)
	at edu.coursera.concurrent.ContainsTestThread.run(ContainsTestThread.java:21)
	at edu.coursera.concurrent.ListSetTest.lambda$launchAndJoinAll$4(ListSetTest.java:290)
	at java.lang.Thread.run(Thread.java:748)
Exception in thread "Thread-247" java.lang.IllegalMonitorStateException: attempt to unlock read lock, not locked by current thread
	at java.util.concurrent.locks.ReentrantReadWriteLock$Sync.unmatchedUnlockException(ReentrantReadWriteLock.java:444)
	at java.util.concurrent.locks.ReentrantReadWriteLock$Sync.tryReleaseShared(ReentrantReadWriteLock.java:428)
	at java.util.concurrent.locks.AbstractQueuedSynchronizer.releaseShared(AbstractQueuedSynchronizer.java:1341)
	at java.util.concurrent.locks.ReentrantReadWriteLock$ReadLock.unlock(ReentrantReadWriteLock.java:881)
	at edu.coursera.concurrent.CoarseLists$RWCoarseList.contains(CoarseLists.java:223)
	at edu.coursera.concurrent.ContainsTestThread.run(ContainsTestThread.java:21)
	at edu.coursera.concurrent.ListSetTest.lambda$launchAndJoinAll$4(ListSetTest.java:290)
	at java.lang.Thread.run(Thread.java:748)
Exception in thread "Thread-245" java.lang.IllegalMonitorStateException: attempt to unlock read lock, not locked by current thread
	at java.util.concurrent.locks.ReentrantReadWriteLock$Sync.unmatchedUnlockException(ReentrantReadWriteLock.java:444)
	at java.util.concurrent.locks.ReentrantReadWriteLock$Sync.tryReleaseShared(ReentrantReadWriteLock.java:428)
	at java.util.concurrent.locks.AbstractQueuedSynchronizer.releaseShared(AbstractQueuedSynchronizer.java:1341)
	at java.util.concurrent.locks.ReentrantReadWriteLock$ReadLock.unlock(ReentrantReadWriteLock.java:881)
	at edu.coursera.concurrent.CoarseLists$RWCoarseList.contains(CoarseLists.java:223)
	at edu.coursera.concurrent.ContainsTestThread.run(ContainsTestThread.java:21)
	at edu.coursera.concurrent.ListSetTest.lambda$launchAndJoinAll$4(ListSetTest.java:290)
	at java.lang.Thread.run(Thread.java:748)
Exception in thread "Thread-246" java.lang.IllegalMonitorStateException: attempt to unlock read lock, not locked by current thread
	at java.util.concurrent.locks.ReentrantReadWriteLock$Sync.unmatchedUnlockException(ReentrantReadWriteLock.java:444)
	at java.util.concurrent.locks.ReentrantReadWriteLock$Sync.tryReleaseShared(ReentrantReadWriteLock.java:428)
	at java.util.concurrent.locks.AbstractQueuedSynchronizer.releaseShared(AbstractQueuedSynchronizer.java:1341)
	at java.util.concurrent.locks.ReentrantReadWriteLock$ReadLock.unlock(ReentrantReadWriteLock.java:881)
	at edu.coursera.concurrent.CoarseLists$RWCoarseList.contains(CoarseLists.java:223)
	at edu.coursera.concurrent.ContainsTestThread.run(ContainsTestThread.java:21)
	at edu.coursera.concurrent.ListSetTest.lambda$launchAndJoinAll$4(ListSetTest.java:290)
	at java.lang.Thread.run(Thread.java:748)
Exception in thread "Thread-270" Exception in thread "Thread-271" Exception in thread "Thread-268" Exception in thread "Thread-269" java.lang.IllegalMonitorStateException: attempt to unlock read lock, not locked by current thread
	at java.util.concurrent.locks.ReentrantReadWriteLock$Sync.unmatchedUnlockException(ReentrantReadWriteLock.java:444)
	at java.util.concurrent.locks.ReentrantReadWriteLock$Sync.tryReleaseShared(ReentrantReadWriteLock.java:428)
	at java.util.concurrent.locks.AbstractQueuedSynchronizer.releaseShared(AbstractQueuedSynchronizer.java:1341)
	at java.util.concurrent.locks.ReentrantReadWriteLock$ReadLock.unlock(ReentrantReadWriteLock.java:881)
	at edu.coursera.concurrent.CoarseLists$RWCoarseList.contains(CoarseLists.java:223)
	at edu.coursera.concurrent.ContainsTestThread.run(ContainsTestThread.java:21)
	at edu.coursera.concurrent.ListSetTest.lambda$launchAndJoinAll$4(ListSetTest.java:290)
	at java.lang.Thread.run(Thread.java:748)
java.lang.IllegalMonitorStateException: attempt to unlock read lock, not locked by current thread
	at java.util.concurrent.locks.ReentrantReadWriteLock$Sync.unmatchedUnlockException(ReentrantReadWriteLock.java:444)
	at java.util.concurrent.locks.ReentrantReadWriteLock$Sync.tryReleaseShared(ReentrantReadWriteLock.java:428)
	at java.util.concurrent.locks.AbstractQueuedSynchronizer.releaseShared(AbstractQueuedSynchronizer.java:1341)
	at java.util.concurrent.locks.ReentrantReadWriteLock$ReadLock.unlock(ReentrantReadWriteLock.java:881)
	at edu.coursera.concurrent.CoarseLists$RWCoarseList.contains(CoarseLists.java:223)
	at edu.coursera.concurrent.ContainsTestThread.run(ContainsTestThread.java:21)
	at edu.coursera.concurrent.ListSetTest.lambda$launchAndJoinAll$4(ListSetTest.java:290)
	at java.lang.Thread.run(Thread.java:748)
java.lang.IllegalMonitorStateException: attempt to unlock read lock, not locked by current thread
	at java.util.concurrent.locks.ReentrantReadWriteLock$Sync.unmatchedUnlockException(ReentrantReadWriteLock.java:444)
	at java.util.concurrent.locks.ReentrantReadWriteLock$Sync.tryReleaseShared(ReentrantReadWriteLock.java:428)
	at java.util.concurrent.locks.AbstractQueuedSynchronizer.releaseShared(AbstractQueuedSynchronizer.java:1341)
	at java.util.concurrent.locks.ReentrantReadWriteLock$ReadLock.unlock(ReentrantReadWriteLock.java:881)
	at edu.coursera.concurrent.CoarseLists$RWCoarseList.contains(CoarseLists.java:223)
	at edu.coursera.concurrent.ContainsTestThread.run(ContainsTestThread.java:21)
	at edu.coursera.concurrent.ListSetTest.lambda$launchAndJoinAll$4(ListSetTest.java:290)
	at java.lang.Thread.run(Thread.java:748)
java.lang.IllegalMonitorStateException: attempt to unlock read lock, not locked by current thread
	at java.util.concurrent.locks.ReentrantReadWriteLock$Sync.unmatchedUnlockException(ReentrantReadWriteLock.java:444)
	at java.util.concurrent.locks.ReentrantReadWriteLock$Sync.tryReleaseShared(ReentrantReadWriteLock.java:428)
	at java.util.concurrent.locks.AbstractQueuedSynchronizer.releaseShared(AbstractQueuedSynchronizer.java:1341)
	at java.util.concurrent.locks.ReentrantReadWriteLock$ReadLock.unlock(ReentrantReadWriteLock.java:881)
	at edu.coursera.concurrent.CoarseLists$RWCoarseList.contains(CoarseLists.java:223)
	at edu.coursera.concurrent.ContainsTestThread.run(ContainsTestThread.java:21)
	at edu.coursera.concurrent.ListSetTest.lambda$launchAndJoinAll$4(ListSetTest.java:290)
	at java.lang.Thread.run(Thread.java:748)
Exception in thread "Thread-295" java.lang.IllegalMonitorStateException: attempt to unlock read lock, not locked by current thread
	at java.util.concurrent.locks.ReentrantReadWriteLock$Sync.unmatchedUnlockException(ReentrantReadWriteLock.java:444)
	at java.util.concurrent.locks.ReentrantReadWriteLock$Sync.tryReleaseShared(ReentrantReadWriteLock.java:428)
	at java.util.concurrent.locks.AbstractQueuedSynchronizer.releaseShared(AbstractQueuedSynchronizer.java:1341)
	at java.util.concurrent.locks.ReentrantReadWriteLock$ReadLock.unlock(ReentrantReadWriteLock.java:881)
	at edu.coursera.concurrent.CoarseLists$RWCoarseList.contains(CoarseLists.java:223)
	at edu.coursera.concurrent.ContainsTestThread.run(ContainsTestThread.java:21)
	at edu.coursera.concurrent.ListSetTest.lambda$launchAndJoinAll$4(ListSetTest.java:290)
	at java.lang.Thread.run(Thread.java:748)
Exception in thread "Thread-294" Exception in thread "Thread-293" java.lang.IllegalMonitorStateException: attempt to unlock read lock, not locked by current thread
	at java.util.concurrent.locks.ReentrantReadWriteLock$Sync.unmatchedUnlockException(ReentrantReadWriteLock.java:444)
	at java.util.concurrent.locks.ReentrantReadWriteLock$Sync.tryReleaseShared(ReentrantReadWriteLock.java:428)
	at java.util.concurrent.locks.AbstractQueuedSynchronizer.releaseShared(AbstractQueuedSynchronizer.java:1341)
	at java.util.concurrent.locks.ReentrantReadWriteLock$ReadLock.unlock(ReentrantReadWriteLock.java:881)
	at edu.coursera.concurrent.CoarseLists$RWCoarseList.contains(CoarseLists.java:223)
	at edu.coursera.concurrent.ContainsTestThread.run(ContainsTestThread.java:21)
	at edu.coursera.concurrent.ListSetTest.lambda$launchAndJoinAll$4(ListSetTest.java:290)
	at java.lang.Thread.run(Thread.java:748)
Exception in thread "Thread-292" java.lang.IllegalMonitorStateException: attempt to unlock read lock, not locked by current thread
	at java.util.concurrent.locks.ReentrantReadWriteLock$Sync.unmatchedUnlockException(ReentrantReadWriteLock.java:444)
	at java.util.concurrent.locks.ReentrantReadWriteLock$Sync.tryReleaseShared(ReentrantReadWriteLock.java:428)
	at java.util.concurrent.locks.AbstractQueuedSynchronizer.releaseShared(AbstractQueuedSynchronizer.java:1341)
	at java.util.concurrent.locks.ReentrantReadWriteLock$ReadLock.unlock(ReentrantReadWriteLock.java:881)
	at edu.coursera.concurrent.CoarseLists$RWCoarseList.contains(CoarseLists.java:223)
	at edu.coursera.concurrent.ContainsTestThread.run(ContainsTestThread.java:21)
	at edu.coursera.concurrent.ListSetTest.lambda$launchAndJoinAll$4(ListSetTest.java:290)
	at java.lang.Thread.run(Thread.java:748)
java.lang.IllegalMonitorStateException: attempt to unlock read lock, not locked by current thread
	at java.util.concurrent.locks.ReentrantReadWriteLock$Sync.unmatchedUnlockException(ReentrantReadWriteLock.java:444)
	at java.util.concurrent.locks.ReentrantReadWriteLock$Sync.tryReleaseShared(ReentrantReadWriteLock.java:428)
	at java.util.concurrent.locks.AbstractQueuedSynchronizer.releaseShared(AbstractQueuedSynchronizer.java:1341)
	at java.util.concurrent.locks.ReentrantReadWriteLock$ReadLock.unlock(ReentrantReadWriteLock.java:881)
	at edu.coursera.concurrent.CoarseLists$RWCoarseList.contains(CoarseLists.java:223)
	at edu.coursera.concurrent.ContainsTestThread.run(ContainsTestThread.java:21)
	at edu.coursera.concurrent.ListSetTest.lambda$launchAndJoinAll$4(ListSetTest.java:290)
	at java.lang.Thread.run(Thread.java:748)
Exception in thread "Thread-316" Exception in thread "Thread-318" java.lang.IllegalMonitorStateException: attempt to unlock read lock, not locked by current thread
	at java.util.concurrent.locks.ReentrantReadWriteLock$Sync.unmatchedUnlockException(ReentrantReadWriteLock.java:444)
	at java.util.concurrent.locks.ReentrantReadWriteLock$Sync.tryReleaseShared(ReentrantReadWriteLock.java:428)
	at java.util.concurrent.locks.AbstractQueuedSynchronizer.releaseShared(AbstractQueuedSynchronizer.java:1341)
	at java.util.concurrent.locks.ReentrantReadWriteLock$ReadLock.unlock(ReentrantReadWriteLock.java:881)
	at edu.coursera.concurrent.CoarseLists$RWCoarseList.contains(CoarseLists.java:223)
	at edu.coursera.concurrent.ContainsTestThread.run(ContainsTestThread.java:21)
	at edu.coursera.concurrent.ListSetTest.lambda$launchAndJoinAll$4(ListSetTest.java:290)
	at java.lang.Thread.run(Thread.java:748)
java.lang.IllegalMonitorStateException: attempt to unlock read lock, not locked by current thread
	at java.util.concurrent.locks.ReentrantReadWriteLock$Sync.unmatchedUnlockException(ReentrantReadWriteLock.java:444)
	at java.util.concurrent.locks.ReentrantReadWriteLock$Sync.tryReleaseShared(ReentrantReadWriteLock.java:428)
	at java.util.concurrent.locks.AbstractQueuedSynchronizer.releaseShared(AbstractQueuedSynchronizer.java:1341)
	at java.util.concurrent.locks.ReentrantReadWriteLock$ReadLock.unlock(ReentrantReadWriteLock.java:881)
	at edu.coursera.concurrent.CoarseLists$RWCoarseList.contains(CoarseLists.java:223)
	at edu.coursera.concurrent.ContainsTestThread.run(ContainsTestThread.java:21)
	at edu.coursera.concurrent.ListSetTest.lambda$launchAndJoinAll$4(ListSetTest.java:290)
	at java.lang.Thread.run(Thread.java:748)
Exception in thread "Thread-319" java.lang.IllegalMonitorStateException: attempt to unlock read lock, not locked by current thread
	at java.util.concurrent.locks.ReentrantReadWriteLock$Sync.unmatchedUnlockException(ReentrantReadWriteLock.java:444)
	at java.util.concurrent.locks.ReentrantReadWriteLock$Sync.tryReleaseShared(ReentrantReadWriteLock.java:428)
	at java.util.concurrent.locks.AbstractQueuedSynchronizer.releaseShared(AbstractQueuedSynchronizer.java:1341)
	at java.util.concurrent.locks.ReentrantReadWriteLock$ReadLock.unlock(ReentrantReadWriteLock.java:881)
	at edu.coursera.concurrent.CoarseLists$RWCoarseList.contains(CoarseLists.java:223)
	at edu.coursera.concurrent.ContainsTestThread.run(ContainsTestThread.java:21)
	at edu.coursera.concurrent.ListSetTest.lambda$launchAndJoinAll$4(ListSetTest.java:290)
	at java.lang.Thread.run(Thread.java:748)
Exception in thread "Thread-317" java.lang.IllegalMonitorStateException: attempt to unlock read lock, not locked by current thread
	at java.util.concurrent.locks.ReentrantReadWriteLock$Sync.unmatchedUnlockException(ReentrantReadWriteLock.java:444)
	at java.util.concurrent.locks.ReentrantReadWriteLock$Sync.tryReleaseShared(ReentrantReadWriteLock.java:428)
	at java.util.concurrent.locks.AbstractQueuedSynchronizer.releaseShared(AbstractQueuedSynchronizer.java:1341)
	at java.util.concurrent.locks.ReentrantReadWriteLock$ReadLock.unlock(ReentrantReadWriteLock.java:881)
	at edu.coursera.concurrent.CoarseLists$RWCoarseList.contains(CoarseLists.java:223)
	at edu.coursera.concurrent.ContainsTestThread.run(ContainsTestThread.java:21)
	at edu.coursera.concurrent.ListSetTest.lambda$launchAndJoinAll$4(ListSetTest.java:290)
	at java.lang.Thread.run(Thread.java:748)
Exception in thread "Thread-343" java.lang.IllegalMonitorStateException: attempt to unlock read lock, not locked by current thread
	at java.util.concurrent.locks.ReentrantReadWriteLock$Sync.unmatchedUnlockException(ReentrantReadWriteLock.java:444)
	at java.util.concurrent.locks.ReentrantReadWriteLock$Sync.tryReleaseShared(ReentrantReadWriteLock.java:428)
	at java.util.concurrent.locks.AbstractQueuedSynchronizer.releaseShared(AbstractQueuedSynchronizer.java:1341)
	at java.util.concurrent.locks.ReentrantReadWriteLock$ReadLock.unlock(ReentrantReadWriteLock.java:881)
	at edu.coursera.concurrent.CoarseLists$RWCoarseList.contains(CoarseLists.java:223)
	at edu.coursera.concurrent.ContainsTestThread.run(ContainsTestThread.java:21)
	at edu.coursera.concurrent.ListSetTest.lambda$launchAndJoinAll$4(ListSetTest.java:290)
	at java.lang.Thread.run(Thread.java:748)
Exception in thread "Thread-341" Exception in thread "Thread-342" Exception in thread "Thread-340" java.lang.IllegalMonitorStateException: attempt to unlock read lock, not locked by current thread
	at java.util.concurrent.locks.ReentrantReadWriteLock$Sync.unmatchedUnlockException(ReentrantReadWriteLock.java:444)
	at java.util.concurrent.locks.ReentrantReadWriteLock$Sync.tryReleaseShared(ReentrantReadWriteLock.java:428)
	at java.util.concurrent.locks.AbstractQueuedSynchronizer.releaseShared(AbstractQueuedSynchronizer.java:1341)
	at java.util.concurrent.locks.ReentrantReadWriteLock$ReadLock.unlock(ReentrantReadWriteLock.java:881)
	at edu.coursera.concurrent.CoarseLists$RWCoarseList.contains(CoarseLists.java:223)
	at edu.coursera.concurrent.ContainsTestThread.run(ContainsTestThread.java:21)
	at edu.coursera.concurrent.ListSetTest.lambda$launchAndJoinAll$4(ListSetTest.java:290)
	at java.lang.Thread.run(Thread.java:748)
java.lang.IllegalMonitorStateException: attempt to unlock read lock, not locked by current thread
	at java.util.concurrent.locks.ReentrantReadWriteLock$Sync.unmatchedUnlockException(ReentrantReadWriteLock.java:444)
	at java.util.concurrent.locks.ReentrantReadWriteLock$Sync.tryReleaseShared(ReentrantReadWriteLock.java:428)
	at java.util.concurrent.locks.AbstractQueuedSynchronizer.releaseShared(AbstractQueuedSynchronizer.java:1341)
	at java.util.concurrent.locks.ReentrantReadWriteLock$ReadLock.unlock(ReentrantReadWriteLock.java:881)
	at edu.coursera.concurrent.CoarseLists$RWCoarseList.contains(CoarseLists.java:223)
	at edu.coursera.concurrent.ContainsTestThread.run(ContainsTestThread.java:21)
	at edu.coursera.concurrent.ListSetTest.lambda$launchAndJoinAll$4(ListSetTest.java:290)
	at java.lang.Thread.run(Thread.java:748)
java.lang.IllegalMonitorStateException: attempt to unlock read lock, not locked by current thread
	at java.util.concurrent.locks.ReentrantReadWriteLock$Sync.unmatchedUnlockException(ReentrantReadWriteLock.java:444)
	at java.util.concurrent.locks.ReentrantReadWriteLock$Sync.tryReleaseShared(ReentrantReadWriteLock.java:428)
	at java.util.concurrent.locks.AbstractQueuedSynchronizer.releaseShared(AbstractQueuedSynchronizer.java:1341)
	at java.util.concurrent.locks.ReentrantReadWriteLock$ReadLock.unlock(ReentrantReadWriteLock.java:881)
	at edu.coursera.concurrent.CoarseLists$RWCoarseList.contains(CoarseLists.java:223)
	at edu.coursera.concurrent.ContainsTestThread.run(ContainsTestThread.java:21)
	at edu.coursera.concurrent.ListSetTest.lambda$launchAndJoinAll$4(ListSetTest.java:290)
	at java.lang.Thread.run(Thread.java:748)
]]></system-err>
  </testcase>
  <testcase name="testReadWriteLocksRepeatingLarge" classname="edu.coursera.concurrent.ListSetTest" time="52.388">
    <failure message="expected:&lt;240000&gt; but was:&lt;0&gt;" type="junit.framework.AssertionFailedError"><![CDATA[junit.framework.AssertionFailedError: expected:<240000> but was:<0>
	at junit.framework.Assert.fail(Assert.java:47)
	at junit.framework.Assert.failNotEquals(Assert.java:280)
	at junit.framework.Assert.assertEquals(Assert.java:64)
	at junit.framework.Assert.assertEquals(Assert.java:198)
	at junit.framework.Assert.assertEquals(Assert.java:204)
	at edu.coursera.concurrent.ListSetTest.testReadWriteLocksHelper(ListSetTest.java:199)
	at edu.coursera.concurrent.ListSetTest.testReadWriteLocksRepeatingLarge(ListSetTest.java:117)
]]></failure>
    <system-out><![CDATA[=========================================================
RWCoarseList vs. SyncList (Large Repeating)
=========================================================
# threads = 4
0.9856770833333333x improvement in add throughput (84.5442536327609 -> 83.33333333333333)
Infinityx improvement in contains throughput (95.96161535385846 -> Infinity)
0.6435705368289638x improvement in remove throughput (931.1348205625607 -> 599.2509363295881)
=========================================================
]]></system-out>
    <system-err><![CDATA[Exception in thread "Thread-367" Exception in thread "Thread-365" Exception in thread "Thread-366" java.lang.IllegalMonitorStateException: attempt to unlock read lock, not locked by current thread
	at java.util.concurrent.locks.ReentrantReadWriteLock$Sync.unmatchedUnlockException(ReentrantReadWriteLock.java:444)
	at java.util.concurrent.locks.ReentrantReadWriteLock$Sync.tryReleaseShared(ReentrantReadWriteLock.java:428)
	at java.util.concurrent.locks.AbstractQueuedSynchronizer.releaseShared(AbstractQueuedSynchronizer.java:1341)
	at java.util.concurrent.locks.ReentrantReadWriteLock$ReadLock.unlock(ReentrantReadWriteLock.java:881)
	at edu.coursera.concurrent.CoarseLists$RWCoarseList.contains(CoarseLists.java:223)
	at edu.coursera.concurrent.ContainsTestThread.run(ContainsTestThread.java:21)
	at edu.coursera.concurrent.ListSetTest.lambda$launchAndJoinAll$4(ListSetTest.java:290)
	at java.lang.Thread.run(Thread.java:748)
java.lang.IllegalMonitorStateException: attempt to unlock read lock, not locked by current thread
	at java.util.concurrent.locks.ReentrantReadWriteLock$Sync.unmatchedUnlockException(ReentrantReadWriteLock.java:444)
	at java.util.concurrent.locks.ReentrantReadWriteLock$Sync.tryReleaseShared(ReentrantReadWriteLock.java:428)
	at java.util.concurrent.locks.AbstractQueuedSynchronizer.releaseShared(AbstractQueuedSynchronizer.java:1341)
	at java.util.concurrent.locks.ReentrantReadWriteLock$ReadLock.unlock(ReentrantReadWriteLock.java:881)
	at edu.coursera.concurrent.CoarseLists$RWCoarseList.contains(CoarseLists.java:223)
	at edu.coursera.concurrent.ContainsTestThread.run(ContainsTestThread.java:21)
	at edu.coursera.concurrent.ListSetTest.lambda$launchAndJoinAll$4(ListSetTest.java:290)
	at java.lang.Thread.run(Thread.java:748)
Exception in thread "Thread-364" java.lang.IllegalMonitorStateException: attempt to unlock read lock, not locked by current thread
	at java.util.concurrent.locks.ReentrantReadWriteLock$Sync.unmatchedUnlockException(ReentrantReadWriteLock.java:444)
	at java.util.concurrent.locks.ReentrantReadWriteLock$Sync.tryReleaseShared(ReentrantReadWriteLock.java:428)
	at java.util.concurrent.locks.AbstractQueuedSynchronizer.releaseShared(AbstractQueuedSynchronizer.java:1341)
	at java.util.concurrent.locks.ReentrantReadWriteLock$ReadLock.unlock(ReentrantReadWriteLock.java:881)
	at edu.coursera.concurrent.CoarseLists$RWCoarseList.contains(CoarseLists.java:223)
	at edu.coursera.concurrent.ContainsTestThread.run(ContainsTestThread.java:21)
	at edu.coursera.concurrent.ListSetTest.lambda$launchAndJoinAll$4(ListSetTest.java:290)
	at java.lang.Thread.run(Thread.java:748)
java.lang.IllegalMonitorStateException: attempt to unlock read lock, not locked by current thread
	at java.util.concurrent.locks.ReentrantReadWriteLock$Sync.unmatchedUnlockException(ReentrantReadWriteLock.java:444)
	at java.util.concurrent.locks.ReentrantReadWriteLock$Sync.tryReleaseShared(ReentrantReadWriteLock.java:428)
	at java.util.concurrent.locks.AbstractQueuedSynchronizer.releaseShared(AbstractQueuedSynchronizer.java:1341)
	at java.util.concurrent.locks.ReentrantReadWriteLock$ReadLock.unlock(ReentrantReadWriteLock.java:881)
	at edu.coursera.concurrent.CoarseLists$RWCoarseList.contains(CoarseLists.java:223)
	at edu.coursera.concurrent.ContainsTestThread.run(ContainsTestThread.java:21)
	at edu.coursera.concurrent.ListSetTest.lambda$launchAndJoinAll$4(ListSetTest.java:290)
	at java.lang.Thread.run(Thread.java:748)
Exception in thread "Thread-388" java.lang.IllegalMonitorStateException: attempt to unlock read lock, not locked by current thread
	at java.util.concurrent.locks.ReentrantReadWriteLock$Sync.unmatchedUnlockException(ReentrantReadWriteLock.java:444)
	at java.util.concurrent.locks.ReentrantReadWriteLock$Sync.tryReleaseShared(ReentrantReadWriteLock.java:428)
	at java.util.concurrent.locks.AbstractQueuedSynchronizer.releaseShared(AbstractQueuedSynchronizer.java:1341)
	at java.util.concurrent.locks.ReentrantReadWriteLock$ReadLock.unlock(ReentrantReadWriteLock.java:881)
	at edu.coursera.concurrent.CoarseLists$RWCoarseList.contains(CoarseLists.java:223)
	at edu.coursera.concurrent.ContainsTestThread.run(ContainsTestThread.java:21)
	at edu.coursera.concurrent.ListSetTest.lambda$launchAndJoinAll$4(ListSetTest.java:290)
	at java.lang.Thread.run(Thread.java:748)
Exception in thread "Thread-389" java.lang.IllegalMonitorStateException: attempt to unlock read lock, not locked by current thread
	at java.util.concurrent.locks.ReentrantReadWriteLock$Sync.unmatchedUnlockException(ReentrantReadWriteLock.java:444)
	at java.util.concurrent.locks.ReentrantReadWriteLock$Sync.tryReleaseShared(ReentrantReadWriteLock.java:428)
	at java.util.concurrent.locks.AbstractQueuedSynchronizer.releaseShared(AbstractQueuedSynchronizer.java:1341)
	at java.util.concurrent.locks.ReentrantReadWriteLock$ReadLock.unlock(ReentrantReadWriteLock.java:881)
	at edu.coursera.concurrent.CoarseLists$RWCoarseList.contains(CoarseLists.java:223)
	at edu.coursera.concurrent.ContainsTestThread.run(ContainsTestThread.java:21)
	at edu.coursera.concurrent.ListSetTest.lambda$launchAndJoinAll$4(ListSetTest.java:290)
	at java.lang.Thread.run(Thread.java:748)
Exception in thread "Thread-390" java.lang.IllegalMonitorStateException: attempt to unlock read lock, not locked by current thread
	at java.util.concurrent.locks.ReentrantReadWriteLock$Sync.unmatchedUnlockException(ReentrantReadWriteLock.java:444)
	at java.util.concurrent.locks.ReentrantReadWriteLock$Sync.tryReleaseShared(ReentrantReadWriteLock.java:428)
	at java.util.concurrent.locks.AbstractQueuedSynchronizer.releaseShared(AbstractQueuedSynchronizer.java:1341)
	at java.util.concurrent.locks.ReentrantReadWriteLock$ReadLock.unlock(ReentrantReadWriteLock.java:881)
	at edu.coursera.concurrent.CoarseLists$RWCoarseList.contains(CoarseLists.java:223)
	at edu.coursera.concurrent.ContainsTestThread.run(ContainsTestThread.java:21)
	at edu.coursera.concurrent.ListSetTest.lambda$launchAndJoinAll$4(ListSetTest.java:290)
	at java.lang.Thread.run(Thread.java:748)
Exception in thread "Thread-391" java.lang.IllegalMonitorStateException: attempt to unlock read lock, not locked by current thread
	at java.util.concurrent.locks.ReentrantReadWriteLock$Sync.unmatchedUnlockException(ReentrantReadWriteLock.java:444)
	at java.util.concurrent.locks.ReentrantReadWriteLock$Sync.tryReleaseShared(ReentrantReadWriteLock.java:428)
	at java.util.concurrent.locks.AbstractQueuedSynchronizer.releaseShared(AbstractQueuedSynchronizer.java:1341)
	at java.util.concurrent.locks.ReentrantReadWriteLock$ReadLock.unlock(ReentrantReadWriteLock.java:881)
	at edu.coursera.concurrent.CoarseLists$RWCoarseList.contains(CoarseLists.java:223)
	at edu.coursera.concurrent.ContainsTestThread.run(ContainsTestThread.java:21)
	at edu.coursera.concurrent.ListSetTest.lambda$launchAndJoinAll$4(ListSetTest.java:290)
	at java.lang.Thread.run(Thread.java:748)
Exception in thread "Thread-415" java.lang.IllegalMonitorStateException: attempt to unlock read lock, not locked by current thread
	at java.util.concurrent.locks.ReentrantReadWriteLock$Sync.unmatchedUnlockException(ReentrantReadWriteLock.java:444)
	at java.util.concurrent.locks.ReentrantReadWriteLock$Sync.tryReleaseShared(ReentrantReadWriteLock.java:428)
	at java.util.concurrent.locks.AbstractQueuedSynchronizer.releaseShared(AbstractQueuedSynchronizer.java:1341)
	at java.util.concurrent.locks.ReentrantReadWriteLock$ReadLock.unlock(ReentrantReadWriteLock.java:881)
	at edu.coursera.concurrent.CoarseLists$RWCoarseList.contains(CoarseLists.java:223)
	at edu.coursera.concurrent.ContainsTestThread.run(ContainsTestThread.java:21)
	at edu.coursera.concurrent.ListSetTest.lambda$launchAndJoinAll$4(ListSetTest.java:290)
	at java.lang.Thread.run(Thread.java:748)
Exception in thread "Thread-412" Exception in thread "Thread-414" Exception in thread "Thread-413" java.lang.IllegalMonitorStateException: attempt to unlock read lock, not locked by current thread
	at java.util.concurrent.locks.ReentrantReadWriteLock$Sync.unmatchedUnlockException(ReentrantReadWriteLock.java:444)
	at java.util.concurrent.locks.ReentrantReadWriteLock$Sync.tryReleaseShared(ReentrantReadWriteLock.java:428)
	at java.util.concurrent.locks.AbstractQueuedSynchronizer.releaseShared(AbstractQueuedSynchronizer.java:1341)
	at java.util.concurrent.locks.ReentrantReadWriteLock$ReadLock.unlock(ReentrantReadWriteLock.java:881)
	at edu.coursera.concurrent.CoarseLists$RWCoarseList.contains(CoarseLists.java:223)
	at edu.coursera.concurrent.ContainsTestThread.run(ContainsTestThread.java:21)
	at edu.coursera.concurrent.ListSetTest.lambda$launchAndJoinAll$4(ListSetTest.java:290)
	at java.lang.Thread.run(Thread.java:748)
java.lang.IllegalMonitorStateException: attempt to unlock read lock, not locked by current thread
	at java.util.concurrent.locks.ReentrantReadWriteLock$Sync.unmatchedUnlockException(ReentrantReadWriteLock.java:444)
	at java.util.concurrent.locks.ReentrantReadWriteLock$Sync.tryReleaseShared(ReentrantReadWriteLock.java:428)
	at java.util.concurrent.locks.AbstractQueuedSynchronizer.releaseShared(AbstractQueuedSynchronizer.java:1341)
	at java.util.concurrent.locks.ReentrantReadWriteLock$ReadLock.unlock(ReentrantReadWriteLock.java:881)
	at edu.coursera.concurrent.CoarseLists$RWCoarseList.contains(CoarseLists.java:223)
	at edu.coursera.concurrent.ContainsTestThread.run(ContainsTestThread.java:21)
	at edu.coursera.concurrent.ListSetTest.lambda$launchAndJoinAll$4(ListSetTest.java:290)
	at java.lang.Thread.run(Thread.java:748)
java.lang.IllegalMonitorStateException: attempt to unlock read lock, not locked by current thread
	at java.util.concurrent.locks.ReentrantReadWriteLock$Sync.unmatchedUnlockException(ReentrantReadWriteLock.java:444)
	at java.util.concurrent.locks.ReentrantReadWriteLock$Sync.tryReleaseShared(ReentrantReadWriteLock.java:428)
	at java.util.concurrent.locks.AbstractQueuedSynchronizer.releaseShared(AbstractQueuedSynchronizer.java:1341)
	at java.util.concurrent.locks.ReentrantReadWriteLock$ReadLock.unlock(ReentrantReadWriteLock.java:881)
	at edu.coursera.concurrent.CoarseLists$RWCoarseList.contains(CoarseLists.java:223)
	at edu.coursera.concurrent.ContainsTestThread.run(ContainsTestThread.java:21)
	at edu.coursera.concurrent.ListSetTest.lambda$launchAndJoinAll$4(ListSetTest.java:290)
	at java.lang.Thread.run(Thread.java:748)
Exception in thread "Thread-438" java.lang.IllegalMonitorStateException: attempt to unlock read lock, not locked by current thread
	at java.util.concurrent.locks.ReentrantReadWriteLock$Sync.unmatchedUnlockException(ReentrantReadWriteLock.java:444)
	at java.util.concurrent.locks.ReentrantReadWriteLock$Sync.tryReleaseShared(ReentrantReadWriteLock.java:428)
	at java.util.concurrent.locks.AbstractQueuedSynchronizer.releaseShared(AbstractQueuedSynchronizer.java:1341)
	at java.util.concurrent.locks.ReentrantReadWriteLock$ReadLock.unlock(ReentrantReadWriteLock.java:881)
	at edu.coursera.concurrent.CoarseLists$RWCoarseList.contains(CoarseLists.java:223)
	at edu.coursera.concurrent.ContainsTestThread.run(ContainsTestThread.java:21)
	at edu.coursera.concurrent.ListSetTest.lambda$launchAndJoinAll$4(ListSetTest.java:290)
	at java.lang.Thread.run(Thread.java:748)
Exception in thread "Thread-436" Exception in thread "Thread-437" java.lang.IllegalMonitorStateException: attempt to unlock read lock, not locked by current thread
	at java.util.concurrent.locks.ReentrantReadWriteLock$Sync.unmatchedUnlockException(ReentrantReadWriteLock.java:444)
	at java.util.concurrent.locks.ReentrantReadWriteLock$Sync.tryReleaseShared(ReentrantReadWriteLock.java:428)
	at java.util.concurrent.locks.AbstractQueuedSynchronizer.releaseShared(AbstractQueuedSynchronizer.java:1341)
	at java.util.concurrent.locks.ReentrantReadWriteLock$ReadLock.unlock(ReentrantReadWriteLock.java:881)
	at edu.coursera.concurrent.CoarseLists$RWCoarseList.contains(CoarseLists.java:223)
	at edu.coursera.concurrent.ContainsTestThread.run(ContainsTestThread.java:21)
	at edu.coursera.concurrent.ListSetTest.lambda$launchAndJoinAll$4(ListSetTest.java:290)
	at java.lang.Thread.run(Thread.java:748)
java.lang.IllegalMonitorStateException: attempt to unlock read lock, not locked by current thread
	at java.util.concurrent.locks.ReentrantReadWriteLock$Sync.unmatchedUnlockException(ReentrantReadWriteLock.java:444)
	at java.util.concurrent.locks.ReentrantReadWriteLock$Sync.tryReleaseShared(ReentrantReadWriteLock.java:428)
	at java.util.concurrent.locks.AbstractQueuedSynchronizer.releaseShared(AbstractQueuedSynchronizer.java:1341)
	at java.util.concurrent.locks.ReentrantReadWriteLock$ReadLock.unlock(ReentrantReadWriteLock.java:881)
	at edu.coursera.concurrent.CoarseLists$RWCoarseList.contains(CoarseLists.java:223)
	at edu.coursera.concurrent.ContainsTestThread.run(ContainsTestThread.java:21)
	at edu.coursera.concurrent.ListSetTest.lambda$launchAndJoinAll$4(ListSetTest.java:290)
	at java.lang.Thread.run(Thread.java:748)
Exception in thread "Thread-439" java.lang.IllegalMonitorStateException: attempt to unlock read lock, not locked by current thread
	at java.util.concurrent.locks.ReentrantReadWriteLock$Sync.unmatchedUnlockException(ReentrantReadWriteLock.java:444)
	at java.util.concurrent.locks.ReentrantReadWriteLock$Sync.tryReleaseShared(ReentrantReadWriteLock.java:428)
	at java.util.concurrent.locks.AbstractQueuedSynchronizer.releaseShared(AbstractQueuedSynchronizer.java:1341)
	at java.util.concurrent.locks.ReentrantReadWriteLock$ReadLock.unlock(ReentrantReadWriteLock.java:881)
	at edu.coursera.concurrent.CoarseLists$RWCoarseList.contains(CoarseLists.java:223)
	at edu.coursera.concurrent.ContainsTestThread.run(ContainsTestThread.java:21)
	at edu.coursera.concurrent.ListSetTest.lambda$launchAndJoinAll$4(ListSetTest.java:290)
	at java.lang.Thread.run(Thread.java:748)
Exception in thread "Thread-463" Exception in thread "Thread-461" java.lang.IllegalMonitorStateException: attempt to unlock read lock, not locked by current thread
	at java.util.concurrent.locks.ReentrantReadWriteLock$Sync.unmatchedUnlockException(ReentrantReadWriteLock.java:444)
	at java.util.concurrent.locks.ReentrantReadWriteLock$Sync.tryReleaseShared(ReentrantReadWriteLock.java:428)
	at java.util.concurrent.locks.AbstractQueuedSynchronizer.releaseShared(AbstractQueuedSynchronizer.java:1341)
	at java.util.concurrent.locks.ReentrantReadWriteLock$ReadLock.unlock(ReentrantReadWriteLock.java:881)
	at edu.coursera.concurrent.CoarseLists$RWCoarseList.contains(CoarseLists.java:223)
	at edu.coursera.concurrent.ContainsTestThread.run(ContainsTestThread.java:21)
	at edu.coursera.concurrent.ListSetTest.lambda$launchAndJoinAll$4(ListSetTest.java:290)
	at java.lang.Thread.run(Thread.java:748)
Exception in thread "Thread-460" Exception in thread "Thread-462" java.lang.IllegalMonitorStateException: attempt to unlock read lock, not locked by current thread
	at java.util.concurrent.locks.ReentrantReadWriteLock$Sync.unmatchedUnlockException(ReentrantReadWriteLock.java:444)
	at java.util.concurrent.locks.ReentrantReadWriteLock$Sync.tryReleaseShared(ReentrantReadWriteLock.java:428)
	at java.util.concurrent.locks.AbstractQueuedSynchronizer.releaseShared(AbstractQueuedSynchronizer.java:1341)
	at java.util.concurrent.locks.ReentrantReadWriteLock$ReadLock.unlock(ReentrantReadWriteLock.java:881)
	at edu.coursera.concurrent.CoarseLists$RWCoarseList.contains(CoarseLists.java:223)
	at edu.coursera.concurrent.ContainsTestThread.run(ContainsTestThread.java:21)
	at edu.coursera.concurrent.ListSetTest.lambda$launchAndJoinAll$4(ListSetTest.java:290)
	at java.lang.Thread.run(Thread.java:748)
java.lang.IllegalMonitorStateException: attempt to unlock read lock, not locked by current thread
	at java.util.concurrent.locks.ReentrantReadWriteLock$Sync.unmatchedUnlockException(ReentrantReadWriteLock.java:444)
	at java.util.concurrent.locks.ReentrantReadWriteLock$Sync.tryReleaseShared(ReentrantReadWriteLock.java:428)
	at java.util.concurrent.locks.AbstractQueuedSynchronizer.releaseShared(AbstractQueuedSynchronizer.java:1341)
	at java.util.concurrent.locks.ReentrantReadWriteLock$ReadLock.unlock(ReentrantReadWriteLock.java:881)
	at edu.coursera.concurrent.CoarseLists$RWCoarseList.contains(CoarseLists.java:223)
	at edu.coursera.concurrent.ContainsTestThread.run(ContainsTestThread.java:21)
	at edu.coursera.concurrent.ListSetTest.lambda$launchAndJoinAll$4(ListSetTest.java:290)
	at java.lang.Thread.run(Thread.java:748)
java.lang.IllegalMonitorStateException: attempt to unlock read lock, not locked by current thread
	at java.util.concurrent.locks.ReentrantReadWriteLock$Sync.unmatchedUnlockException(ReentrantReadWriteLock.java:444)
	at java.util.concurrent.locks.ReentrantReadWriteLock$Sync.tryReleaseShared(ReentrantReadWriteLock.java:428)
	at java.util.concurrent.locks.AbstractQueuedSynchronizer.releaseShared(AbstractQueuedSynchronizer.java:1341)
	at java.util.concurrent.locks.ReentrantReadWriteLock$ReadLock.unlock(ReentrantReadWriteLock.java:881)
	at edu.coursera.concurrent.CoarseLists$RWCoarseList.contains(CoarseLists.java:223)
	at edu.coursera.concurrent.ContainsTestThread.run(ContainsTestThread.java:21)
	at edu.coursera.concurrent.ListSetTest.lambda$launchAndJoinAll$4(ListSetTest.java:290)
	at java.lang.Thread.run(Thread.java:748)
]]></system-err>
  </testcase>
  <testcase name="testReadWriteLocksRepeatingSmall" classname="edu.coursera.concurrent.ListSetTest" time="28.618">
    <failure message="expected:&lt;120000&gt; but was:&lt;0&gt;" type="junit.framework.AssertionFailedError"><![CDATA[junit.framework.AssertionFailedError: expected:<120000> but was:<0>
	at junit.framework.Assert.fail(Assert.java:47)
	at junit.framework.Assert.failNotEquals(Assert.java:280)
	at junit.framework.Assert.assertEquals(Assert.java:64)
	at junit.framework.Assert.assertEquals(Assert.java:198)
	at junit.framework.Assert.assertEquals(Assert.java:204)
	at edu.coursera.concurrent.ListSetTest.testReadWriteLocksHelper(ListSetTest.java:199)
	at edu.coursera.concurrent.ListSetTest.testReadWriteLocksRepeatingSmall(ListSetTest.java:133)
]]></failure>
    <system-out><![CDATA[=========================================================
RWCoarseList vs. SyncList (Small Repeating)
=========================================================
# threads = 4
0.908562197092084x improvement in add throughput (85.34850640113798 -> 77.54442649434571)
Infinityx improvement in contains throughput (97.0873786407767 -> Infinity)
1.0955555555555554x improvement in remove throughput (324.54361054766736 -> 355.55555555555554)
=========================================================
]]></system-out>
    <system-err><![CDATA[Exception in thread "Thread-485" Exception in thread "Thread-484" java.lang.IllegalMonitorStateException: attempt to unlock read lock, not locked by current thread
	at java.util.concurrent.locks.ReentrantReadWriteLock$Sync.unmatchedUnlockException(ReentrantReadWriteLock.java:444)
	at java.util.concurrent.locks.ReentrantReadWriteLock$Sync.tryReleaseShared(ReentrantReadWriteLock.java:428)
	at java.util.concurrent.locks.AbstractQueuedSynchronizer.releaseShared(AbstractQueuedSynchronizer.java:1341)
	at java.util.concurrent.locks.ReentrantReadWriteLock$ReadLock.unlock(ReentrantReadWriteLock.java:881)
	at edu.coursera.concurrent.CoarseLists$RWCoarseList.contains(CoarseLists.java:223)
	at edu.coursera.concurrent.ContainsTestThread.run(ContainsTestThread.java:21)
	at edu.coursera.concurrent.ListSetTest.lambda$launchAndJoinAll$4(ListSetTest.java:290)
	at java.lang.Thread.run(Thread.java:748)
Exception in thread "Thread-486" java.lang.IllegalMonitorStateException: attempt to unlock read lock, not locked by current thread
	at java.util.concurrent.locks.ReentrantReadWriteLock$Sync.unmatchedUnlockException(ReentrantReadWriteLock.java:444)
	at java.util.concurrent.locks.ReentrantReadWriteLock$Sync.tryReleaseShared(ReentrantReadWriteLock.java:428)
	at java.util.concurrent.locks.AbstractQueuedSynchronizer.releaseShared(AbstractQueuedSynchronizer.java:1341)
	at java.util.concurrent.locks.ReentrantReadWriteLock$ReadLock.unlock(ReentrantReadWriteLock.java:881)
	at edu.coursera.concurrent.CoarseLists$RWCoarseList.contains(CoarseLists.java:223)
	at edu.coursera.concurrent.ContainsTestThread.run(ContainsTestThread.java:21)
	at edu.coursera.concurrent.ListSetTest.lambda$launchAndJoinAll$4(ListSetTest.java:290)
	at java.lang.Thread.run(Thread.java:748)
java.lang.IllegalMonitorStateException: attempt to unlock read lock, not locked by current thread
	at java.util.concurrent.locks.ReentrantReadWriteLock$Sync.unmatchedUnlockException(ReentrantReadWriteLock.java:444)
	at java.util.concurrent.locks.ReentrantReadWriteLock$Sync.tryReleaseShared(ReentrantReadWriteLock.java:428)
	at java.util.concurrent.locks.AbstractQueuedSynchronizer.releaseShared(AbstractQueuedSynchronizer.java:1341)
	at java.util.concurrent.locks.ReentrantReadWriteLock$ReadLock.unlock(ReentrantReadWriteLock.java:881)
	at edu.coursera.concurrent.CoarseLists$RWCoarseList.contains(CoarseLists.java:223)
	at edu.coursera.concurrent.ContainsTestThread.run(ContainsTestThread.java:21)
	at edu.coursera.concurrent.ListSetTest.lambda$launchAndJoinAll$4(ListSetTest.java:290)
	at java.lang.Thread.run(Thread.java:748)
Exception in thread "Thread-487" java.lang.IllegalMonitorStateException: attempt to unlock read lock, not locked by current thread
	at java.util.concurrent.locks.ReentrantReadWriteLock$Sync.unmatchedUnlockException(ReentrantReadWriteLock.java:444)
	at java.util.concurrent.locks.ReentrantReadWriteLock$Sync.tryReleaseShared(ReentrantReadWriteLock.java:428)
	at java.util.concurrent.locks.AbstractQueuedSynchronizer.releaseShared(AbstractQueuedSynchronizer.java:1341)
	at java.util.concurrent.locks.ReentrantReadWriteLock$ReadLock.unlock(ReentrantReadWriteLock.java:881)
	at edu.coursera.concurrent.CoarseLists$RWCoarseList.contains(CoarseLists.java:223)
	at edu.coursera.concurrent.ContainsTestThread.run(ContainsTestThread.java:21)
	at edu.coursera.concurrent.ListSetTest.lambda$launchAndJoinAll$4(ListSetTest.java:290)
	at java.lang.Thread.run(Thread.java:748)
Exception in thread "Thread-509" java.lang.IllegalMonitorStateException: attempt to unlock read lock, not locked by current thread
	at java.util.concurrent.locks.ReentrantReadWriteLock$Sync.unmatchedUnlockException(ReentrantReadWriteLock.java:444)
	at java.util.concurrent.locks.ReentrantReadWriteLock$Sync.tryReleaseShared(ReentrantReadWriteLock.java:428)
	at java.util.concurrent.locks.AbstractQueuedSynchronizer.releaseShared(AbstractQueuedSynchronizer.java:1341)
	at java.util.concurrent.locks.ReentrantReadWriteLock$ReadLock.unlock(ReentrantReadWriteLock.java:881)
	at edu.coursera.concurrent.CoarseLists$RWCoarseList.contains(CoarseLists.java:223)
	at edu.coursera.concurrent.ContainsTestThread.run(ContainsTestThread.java:21)
	at edu.coursera.concurrent.ListSetTest.lambda$launchAndJoinAll$4(ListSetTest.java:290)
	at java.lang.Thread.run(Thread.java:748)
Exception in thread "Thread-511" java.lang.IllegalMonitorStateException: attempt to unlock read lock, not locked by current thread
	at java.util.concurrent.locks.ReentrantReadWriteLock$Sync.unmatchedUnlockException(ReentrantReadWriteLock.java:444)
	at java.util.concurrent.locks.ReentrantReadWriteLock$Sync.tryReleaseShared(ReentrantReadWriteLock.java:428)
	at java.util.concurrent.locks.AbstractQueuedSynchronizer.releaseShared(AbstractQueuedSynchronizer.java:1341)
	at java.util.concurrent.locks.ReentrantReadWriteLock$ReadLock.unlock(ReentrantReadWriteLock.java:881)
	at edu.coursera.concurrent.CoarseLists$RWCoarseList.contains(CoarseLists.java:223)
	at edu.coursera.concurrent.ContainsTestThread.run(ContainsTestThread.java:21)
	at edu.coursera.concurrent.ListSetTest.lambda$launchAndJoinAll$4(ListSetTest.java:290)
	at java.lang.Thread.run(Thread.java:748)
Exception in thread "Thread-510" java.lang.IllegalMonitorStateException: attempt to unlock read lock, not locked by current thread
	at java.util.concurrent.locks.ReentrantReadWriteLock$Sync.unmatchedUnlockException(ReentrantReadWriteLock.java:444)
	at java.util.concurrent.locks.ReentrantReadWriteLock$Sync.tryReleaseShared(ReentrantReadWriteLock.java:428)
	at java.util.concurrent.locks.AbstractQueuedSynchronizer.releaseShared(AbstractQueuedSynchronizer.java:1341)
	at java.util.concurrent.locks.ReentrantReadWriteLock$ReadLock.unlock(ReentrantReadWriteLock.java:881)
	at edu.coursera.concurrent.CoarseLists$RWCoarseList.contains(CoarseLists.java:223)
	at edu.coursera.concurrent.ContainsTestThread.run(ContainsTestThread.java:21)
	at edu.coursera.concurrent.ListSetTest.lambda$launchAndJoinAll$4(ListSetTest.java:290)
	at java.lang.Thread.run(Thread.java:748)
Exception in thread "Thread-508" java.lang.IllegalMonitorStateException: attempt to unlock read lock, not locked by current thread
	at java.util.concurrent.locks.ReentrantReadWriteLock$Sync.unmatchedUnlockException(ReentrantReadWriteLock.java:444)
	at java.util.concurrent.locks.ReentrantReadWriteLock$Sync.tryReleaseShared(ReentrantReadWriteLock.java:428)
	at java.util.concurrent.locks.AbstractQueuedSynchronizer.releaseShared(AbstractQueuedSynchronizer.java:1341)
	at java.util.concurrent.locks.ReentrantReadWriteLock$ReadLock.unlock(ReentrantReadWriteLock.java:881)
	at edu.coursera.concurrent.CoarseLists$RWCoarseList.contains(CoarseLists.java:223)
	at edu.coursera.concurrent.ContainsTestThread.run(ContainsTestThread.java:21)
	at edu.coursera.concurrent.ListSetTest.lambda$launchAndJoinAll$4(ListSetTest.java:290)
	at java.lang.Thread.run(Thread.java:748)
Exception in thread "Thread-532" java.lang.IllegalMonitorStateException: attempt to unlock read lock, not locked by current thread
	at java.util.concurrent.locks.ReentrantReadWriteLock$Sync.unmatchedUnlockException(ReentrantReadWriteLock.java:444)
	at java.util.concurrent.locks.ReentrantReadWriteLock$Sync.tryReleaseShared(ReentrantReadWriteLock.java:428)
	at java.util.concurrent.locks.AbstractQueuedSynchronizer.releaseShared(AbstractQueuedSynchronizer.java:1341)
	at java.util.concurrent.locks.ReentrantReadWriteLock$ReadLock.unlock(ReentrantReadWriteLock.java:881)
	at edu.coursera.concurrent.CoarseLists$RWCoarseList.contains(CoarseLists.java:223)
	at edu.coursera.concurrent.ContainsTestThread.run(ContainsTestThread.java:21)
	at edu.coursera.concurrent.ListSetTest.lambda$launchAndJoinAll$4(ListSetTest.java:290)
	at java.lang.Thread.run(Thread.java:748)
Exception in thread "Thread-533" java.lang.IllegalMonitorStateException: attempt to unlock read lock, not locked by current thread
	at java.util.concurrent.locks.ReentrantReadWriteLock$Sync.unmatchedUnlockException(ReentrantReadWriteLock.java:444)
	at java.util.concurrent.locks.ReentrantReadWriteLock$Sync.tryReleaseShared(ReentrantReadWriteLock.java:428)
	at java.util.concurrent.locks.AbstractQueuedSynchronizer.releaseShared(AbstractQueuedSynchronizer.java:1341)
	at java.util.concurrent.locks.ReentrantReadWriteLock$ReadLock.unlock(ReentrantReadWriteLock.java:881)
	at edu.coursera.concurrent.CoarseLists$RWCoarseList.contains(CoarseLists.java:223)
	at edu.coursera.concurrent.ContainsTestThread.run(ContainsTestThread.java:21)
	at edu.coursera.concurrent.ListSetTest.lambda$launchAndJoinAll$4(ListSetTest.java:290)
	at java.lang.Thread.run(Thread.java:748)
Exception in thread "Thread-534" java.lang.IllegalMonitorStateException: attempt to unlock read lock, not locked by current thread
	at java.util.concurrent.locks.ReentrantReadWriteLock$Sync.unmatchedUnlockException(ReentrantReadWriteLock.java:444)
	at java.util.concurrent.locks.ReentrantReadWriteLock$Sync.tryReleaseShared(ReentrantReadWriteLock.java:428)
	at java.util.concurrent.locks.AbstractQueuedSynchronizer.releaseShared(AbstractQueuedSynchronizer.java:1341)
	at java.util.concurrent.locks.ReentrantReadWriteLock$ReadLock.unlock(ReentrantReadWriteLock.java:881)
	at edu.coursera.concurrent.CoarseLists$RWCoarseList.contains(CoarseLists.java:223)
	at edu.coursera.concurrent.ContainsTestThread.run(ContainsTestThread.java:21)
	at edu.coursera.concurrent.ListSetTest.lambda$launchAndJoinAll$4(ListSetTest.java:290)
	at java.lang.Thread.run(Thread.java:748)
Exception in thread "Thread-535" java.lang.IllegalMonitorStateException: attempt to unlock read lock, not locked by current thread
	at java.util.concurrent.locks.ReentrantReadWriteLock$Sync.unmatchedUnlockException(ReentrantReadWriteLock.java:444)
	at java.util.concurrent.locks.ReentrantReadWriteLock$Sync.tryReleaseShared(ReentrantReadWriteLock.java:428)
	at java.util.concurrent.locks.AbstractQueuedSynchronizer.releaseShared(AbstractQueuedSynchronizer.java:1341)
	at java.util.concurrent.locks.ReentrantReadWriteLock$ReadLock.unlock(ReentrantReadWriteLock.java:881)
	at edu.coursera.concurrent.CoarseLists$RWCoarseList.contains(CoarseLists.java:223)
	at edu.coursera.concurrent.ContainsTestThread.run(ContainsTestThread.java:21)
	at edu.coursera.concurrent.ListSetTest.lambda$launchAndJoinAll$4(ListSetTest.java:290)
	at java.lang.Thread.run(Thread.java:748)
Exception in thread "Thread-556" Exception in thread "Thread-557" java.lang.IllegalMonitorStateException: attempt to unlock read lock, not locked by current thread
	at java.util.concurrent.locks.ReentrantReadWriteLock$Sync.unmatchedUnlockException(ReentrantReadWriteLock.java:444)
	at java.util.concurrent.locks.ReentrantReadWriteLock$Sync.tryReleaseShared(ReentrantReadWriteLock.java:428)
	at java.util.concurrent.locks.AbstractQueuedSynchronizer.releaseShared(AbstractQueuedSynchronizer.java:1341)
	at java.util.concurrent.locks.ReentrantReadWriteLock$ReadLock.unlock(ReentrantReadWriteLock.java:881)
	at edu.coursera.concurrent.CoarseLists$RWCoarseList.contains(CoarseLists.java:223)
	at edu.coursera.concurrent.ContainsTestThread.run(ContainsTestThread.java:21)
	at edu.coursera.concurrent.ListSetTest.lambda$launchAndJoinAll$4(ListSetTest.java:290)
	at java.lang.Thread.run(Thread.java:748)
Exception in thread "Thread-558" java.lang.IllegalMonitorStateException: attempt to unlock read lock, not locked by current thread
	at java.util.concurrent.locks.ReentrantReadWriteLock$Sync.unmatchedUnlockException(ReentrantReadWriteLock.java:444)
	at java.util.concurrent.locks.ReentrantReadWriteLock$Sync.tryReleaseShared(ReentrantReadWriteLock.java:428)
	at java.util.concurrent.locks.AbstractQueuedSynchronizer.releaseShared(AbstractQueuedSynchronizer.java:1341)
	at java.util.concurrent.locks.ReentrantReadWriteLock$ReadLock.unlock(ReentrantReadWriteLock.java:881)
	at edu.coursera.concurrent.CoarseLists$RWCoarseList.contains(CoarseLists.java:223)
	at edu.coursera.concurrent.ContainsTestThread.run(ContainsTestThread.java:21)
	at edu.coursera.concurrent.ListSetTest.lambda$launchAndJoinAll$4(ListSetTest.java:290)
	at java.lang.Thread.run(Thread.java:748)
Exception in thread "Thread-559" java.lang.IllegalMonitorStateException: attempt to unlock read lock, not locked by current thread
	at java.util.concurrent.locks.ReentrantReadWriteLock$Sync.unmatchedUnlockException(ReentrantReadWriteLock.java:444)
	at java.util.concurrent.locks.ReentrantReadWriteLock$Sync.tryReleaseShared(ReentrantReadWriteLock.java:428)
	at java.util.concurrent.locks.AbstractQueuedSynchronizer.releaseShared(AbstractQueuedSynchronizer.java:1341)
	at java.util.concurrent.locks.ReentrantReadWriteLock$ReadLock.unlock(ReentrantReadWriteLock.java:881)
	at edu.coursera.concurrent.CoarseLists$RWCoarseList.contains(CoarseLists.java:223)
	at edu.coursera.concurrent.ContainsTestThread.run(ContainsTestThread.java:21)
	at edu.coursera.concurrent.ListSetTest.lambda$launchAndJoinAll$4(ListSetTest.java:290)
	at java.lang.Thread.run(Thread.java:748)
java.lang.IllegalMonitorStateException: attempt to unlock read lock, not locked by current thread
	at java.util.concurrent.locks.ReentrantReadWriteLock$Sync.unmatchedUnlockException(ReentrantReadWriteLock.java:444)
	at java.util.concurrent.locks.ReentrantReadWriteLock$Sync.tryReleaseShared(ReentrantReadWriteLock.java:428)
	at java.util.concurrent.locks.AbstractQueuedSynchronizer.releaseShared(AbstractQueuedSynchronizer.java:1341)
	at java.util.concurrent.locks.ReentrantReadWriteLock$ReadLock.unlock(ReentrantReadWriteLock.java:881)
	at edu.coursera.concurrent.CoarseLists$RWCoarseList.contains(CoarseLists.java:223)
	at edu.coursera.concurrent.ContainsTestThread.run(ContainsTestThread.java:21)
	at edu.coursera.concurrent.ListSetTest.lambda$launchAndJoinAll$4(ListSetTest.java:290)
	at java.lang.Thread.run(Thread.java:748)
Exception in thread "Thread-580" java.lang.IllegalMonitorStateException: attempt to unlock read lock, not locked by current thread
	at java.util.concurrent.locks.ReentrantReadWriteLock$Sync.unmatchedUnlockException(ReentrantReadWriteLock.java:444)
	at java.util.concurrent.locks.ReentrantReadWriteLock$Sync.tryReleaseShared(ReentrantReadWriteLock.java:428)
	at java.util.concurrent.locks.AbstractQueuedSynchronizer.releaseShared(AbstractQueuedSynchronizer.java:1341)
	at java.util.concurrent.locks.ReentrantReadWriteLock$ReadLock.unlock(ReentrantReadWriteLock.java:881)
	at edu.coursera.concurrent.CoarseLists$RWCoarseList.contains(CoarseLists.java:223)
	at edu.coursera.concurrent.ContainsTestThread.run(ContainsTestThread.java:21)
	at edu.coursera.concurrent.ListSetTest.lambda$launchAndJoinAll$4(ListSetTest.java:290)
	at java.lang.Thread.run(Thread.java:748)
Exception in thread "Thread-581" java.lang.IllegalMonitorStateException: attempt to unlock read lock, not locked by current thread
	at java.util.concurrent.locks.ReentrantReadWriteLock$Sync.unmatchedUnlockException(ReentrantReadWriteLock.java:444)
	at java.util.concurrent.locks.ReentrantReadWriteLock$Sync.tryReleaseShared(ReentrantReadWriteLock.java:428)
	at java.util.concurrent.locks.AbstractQueuedSynchronizer.releaseShared(AbstractQueuedSynchronizer.java:1341)
	at java.util.concurrent.locks.ReentrantReadWriteLock$ReadLock.unlock(ReentrantReadWriteLock.java:881)
	at edu.coursera.concurrent.CoarseLists$RWCoarseList.contains(CoarseLists.java:223)
	at edu.coursera.concurrent.ContainsTestThread.run(ContainsTestThread.java:21)
	at edu.coursera.concurrent.ListSetTest.lambda$launchAndJoinAll$4(ListSetTest.java:290)
	at java.lang.Thread.run(Thread.java:748)
Exception in thread "Thread-583" java.lang.IllegalMonitorStateException: attempt to unlock read lock, not locked by current thread
	at java.util.concurrent.locks.ReentrantReadWriteLock$Sync.unmatchedUnlockException(ReentrantReadWriteLock.java:444)
	at java.util.concurrent.locks.ReentrantReadWriteLock$Sync.tryReleaseShared(ReentrantReadWriteLock.java:428)
	at java.util.concurrent.locks.AbstractQueuedSynchronizer.releaseShared(AbstractQueuedSynchronizer.java:1341)
	at java.util.concurrent.locks.ReentrantReadWriteLock$ReadLock.unlock(ReentrantReadWriteLock.java:881)
	at edu.coursera.concurrent.CoarseLists$RWCoarseList.contains(CoarseLists.java:223)
	at edu.coursera.concurrent.ContainsTestThread.run(ContainsTestThread.java:21)
	at edu.coursera.concurrent.ListSetTest.lambda$launchAndJoinAll$4(ListSetTest.java:290)
	at java.lang.Thread.run(Thread.java:748)
Exception in thread "Thread-582" java.lang.IllegalMonitorStateException: attempt to unlock read lock, not locked by current thread
	at java.util.concurrent.locks.ReentrantReadWriteLock$Sync.unmatchedUnlockException(ReentrantReadWriteLock.java:444)
	at java.util.concurrent.locks.ReentrantReadWriteLock$Sync.tryReleaseShared(ReentrantReadWriteLock.java:428)
	at java.util.concurrent.locks.AbstractQueuedSynchronizer.releaseShared(AbstractQueuedSynchronizer.java:1341)
	at java.util.concurrent.locks.ReentrantReadWriteLock$ReadLock.unlock(ReentrantReadWriteLock.java:881)
	at edu.coursera.concurrent.CoarseLists$RWCoarseList.contains(CoarseLists.java:223)
	at edu.coursera.concurrent.ContainsTestThread.run(ContainsTestThread.java:21)
	at edu.coursera.concurrent.ListSetTest.lambda$launchAndJoinAll$4(ListSetTest.java:290)
	at java.lang.Thread.run(Thread.java:748)
]]></system-err>
  </testcase>
  <testcase name="testCoarseGrainedLockingRandomLarge" classname="edu.coursera.concurrent.ListSetTest" time="112.907"/>
</testsuite>